<?xml version="1.0" encoding="UTF-8"?>
<testsuite name="com.ejemplo.usuariojuego.UsuarioJuegoTest" tests="6" skipped="0" failures="0" errors="0" timestamp="2025-05-25T05:26:53.408Z" hostname="alexander-Legion-Y545" time="0.081">
  <properties/>
  <testcase name="testSubirNivel()" classname="com.ejemplo.usuariojuego.UsuarioJuegoTest" time="0.043"/>
  <testcase name="testBonus()" classname="com.ejemplo.usuariojuego.UsuarioJuegoTest" time="0.005"/>
  <testcase name="testSetNombreYClave()" classname="com.ejemplo.usuariojuego.UsuarioJuegoTest" time="0.002"/>
  <testcase name="testInicializacionCorrecta()" classname="com.ejemplo.usuariojuego.UsuarioJuegoTest" time="0.002"/>
  <testcase name="testMainExecution()" classname="com.ejemplo.usuariojuego.UsuarioJuegoTest" time="0.019"/>
  <testcase name="testAumentarPuntaje()" classname="com.ejemplo.usuariojuego.UsuarioJuegoTest" time="0.001"/>
  <system-out><![CDATA[Nombre  : Miguel
Puntaje : 51.0
Nivel   : 1

---------------------------------------


---------------------------------------

Nombre  : Alexander
Puntaje : 51.0
Nivel   : 1
]]></system-out>
  <system-err><![CDATA[]]></system-err>
</testsuite>
